<?xml version="1.0" encoding="UTF-8"?>
<!-- Generated by org.testng.reporters.JUnitReportReporter -->
<testsuite skipped="0" hostname="QAPLANET-PC" name="pckg.Crossb" tests="1" failures="0" timestamp="07 Mar 2020 10:15:12 GMT" time="15.281" errors="0">
  <testcase name="CrB" time="15.281" classname="pckg.Crossb"/>
</testsuite> <!-- pckg.Crossb -->
