<?xml version="1.0" encoding="UTF-8"?>
<!-- Generated by org.testng.reporters.JUnitReportReporter -->
<testsuite skipped="0" hostname="QAPLANET-PC" name="pckg.Cls" tests="4" failures="0" timestamp="07 Mar 2020 10:10:43 GMT" time="45.718" errors="0">
  <testcase name="Tc1" time="11.238" classname="pckg.Cls"/>
  <testcase name="Tc1" time="12.331" classname="pckg.Cls"/>
  <testcase name="Tc1" time="12.450" classname="pckg.Cls"/>
  <testcase name="Tc1" time="9.699" classname="pckg.Cls"/>
</testsuite> <!-- pckg.Cls -->
